  TeamProject.cpp
D:\Visual Studio\Project\-CG-TeamProject\TeamProject\TeamProject\objRead.cpp(75,29): warning C4244: '=': 'double'에서 'float'(으)로 변환하면서 데이터가 손실될 수 있습니다.
D:\Visual Studio\Project\-CG-TeamProject\TeamProject\TeamProject\objRead.cpp(76,29): warning C4244: '=': 'double'에서 'float'(으)로 변환하면서 데이터가 손실될 수 있습니다.
D:\Visual Studio\Project\-CG-TeamProject\TeamProject\TeamProject\objRead.cpp(77,29): warning C4244: '=': 'double'에서 'float'(으)로 변환하면서 데이터가 손실될 수 있습니다.
D:\Visual Studio\Project\-CG-TeamProject\TeamProject\TeamProject\function.h(29,1): warning C4305: '초기화 중': 'double'에서 'GLfloat'(으)로 잘립니다.
D:\Visual Studio\Project\-CG-TeamProject\TeamProject\TeamProject\function.cpp(133,34): warning C4305: '인수': 'double'에서 'GLfloat'(으)로 잘립니다.
D:\Visual Studio\Project\-CG-TeamProject\TeamProject\TeamProject\function.cpp(140,48): warning C4305: '인수': 'double'에서 'GLfloat'(으)로 잘립니다.
D:\Visual Studio\Project\-CG-TeamProject\TeamProject\TeamProject\function.cpp(143,48): warning C4305: '인수': 'double'에서 'GLfloat'(으)로 잘립니다.
D:\Visual Studio\Project\-CG-TeamProject\TeamProject\TeamProject\function.cpp(152,46): warning C4305: '인수': 'double'에서 'GLfloat'(으)로 잘립니다.
D:\Visual Studio\Project\-CG-TeamProject\TeamProject\TeamProject\function.cpp(158,46): warning C4305: '인수': 'double'에서 'GLfloat'(으)로 잘립니다.
D:\Visual Studio\Project\-CG-TeamProject\TeamProject\TeamProject\function.cpp(398,109): warning C4244: '인수': 'double'에서 'GLfloat'(으)로 변환하면서 데이터가 손실될 수 있습니다.
D:\Visual Studio\Project\-CG-TeamProject\TeamProject\TeamProject\function.cpp(398,75): warning C4244: '인수': 'double'에서 'GLfloat'(으)로 변환하면서 데이터가 손실될 수 있습니다.
D:\Visual Studio\Project\-CG-TeamProject\TeamProject\TeamProject\function.cpp(398,44): warning C4244: '인수': 'double'에서 'GLfloat'(으)로 변환하면서 데이터가 손실될 수 있습니다.
D:\Visual Studio\Project\-CG-TeamProject\TeamProject\TeamProject\function.cpp(414,45): warning C4244: '인수': 'double'에서 'GLfloat'(으)로 변환하면서 데이터가 손실될 수 있습니다.
D:\Visual Studio\Project\-CG-TeamProject\TeamProject\TeamProject\function.cpp(420,45): warning C4244: '인수': 'double'에서 'GLfloat'(으)로 변환하면서 데이터가 손실될 수 있습니다.
D:\Visual Studio\Project\-CG-TeamProject\TeamProject\TeamProject\function.cpp(424,62): warning C4305: '인수': 'double'에서 'GLfloat'(으)로 잘립니다.
D:\Visual Studio\Project\-CG-TeamProject\TeamProject\TeamProject\function.cpp(424,33): warning C4244: '인수': 'double'에서 'GLfloat'(으)로 변환하면서 데이터가 손실될 수 있습니다.
D:\Visual Studio\Project\-CG-TeamProject\TeamProject\TeamProject\function.cpp(425,60): warning C4305: '인수': 'double'에서 'GLfloat'(으)로 잘립니다.
D:\Visual Studio\Project\-CG-TeamProject\TeamProject\TeamProject\function.cpp(425,32): warning C4244: '인수': 'double'에서 'GLfloat'(으)로 변환하면서 데이터가 손실될 수 있습니다.
  TeamProject.vcxproj -> D:\Visual Studio\Project\-CG-TeamProject\TeamProject\Debug\TeamProject.exe
